TN:
SF:src/app/app.component.ts
FNF:0
FNH:0
DA:7,1
DA:8,1
LF:2
LH:2
BRF:0
BRH:0
end_of_record
TN:
SF:src/app/atoms/chip/chip.component.ts
FNF:0
FNH:0
DA:8,1
DA:9,3
DA:10,3
LF:3
LH:3
BRF:0
BRH:0
end_of_record
TN:
SF:src/app/atoms/not-found/not-found.component.ts
FNF:0
FNH:0
DA:8,1
LF:1
LH:1
BRF:0
BRH:0
end_of_record
TN:
SF:src/app/molecules/card/card.component.ts
FN:13,(anonymous_0)
FNF:1
FNH:1
FNDA:4,(anonymous_0)
DA:8,1
DA:14,4
DA:15,0
LF:3
LH:2
BRDA:14,0,0,0
BRDA:14,1,0,4
BRDA:14,1,1,0
BRF:3
BRH:1
end_of_record
TN:
SF:src/app/molecules/header/header.component.ts
FNF:0
FNH:0
DA:9,1
DA:10,4
LF:2
LH:2
BRF:0
BRH:0
end_of_record
TN:
SF:src/app/organisms/candidate-information/candidate-information.component.ts
FNF:0
FNH:0
DA:10,1
DA:11,4
DA:13,4
LF:3
LH:3
BRF:0
BRH:0
end_of_record
TN:
SF:src/app/organisms/court-searches/court-searches.component.ts
FNF:0
FNH:0
DA:10,1
DA:25,1
DA:26,2
DA:27,2
DA:28,2
DA:29,2
LF:6
LH:6
BRF:0
BRH:0
end_of_record
TN:
SF:src/app/organisms/dialog-box/dialog-box.component.ts
FN:24,(anonymous_0)
FN:26,(anonymous_1)
FN:31,(anonymous_2)
FN:37,(anonymous_3)
FN:38,(anonymous_4)
FN:44,(anonymous_5)
FN:49,(anonymous_6)
FNF:7
FNH:3
FNDA:6,(anonymous_0)
FNDA:6,(anonymous_1)
FNDA:1,(anonymous_2)
FNDA:0,(anonymous_3)
FNDA:0,(anonymous_4)
FNDA:0,(anonymous_5)
FNDA:0,(anonymous_6)
DA:13,1
DA:15,6
DA:16,6
DA:17,6
DA:18,6
DA:19,6
DA:20,6
DA:21,6
DA:22,6
DA:23,6
DA:24,6
DA:27,6
DA:32,1
DA:33,1
DA:34,1
DA:35,1
DA:37,1
DA:38,0
DA:39,0
DA:40,0
DA:41,0
DA:45,0
DA:46,0
DA:50,0
LF:24
LH:17
BRF:0
BRH:0
end_of_record
TN:
SF:src/app/organisms/report-information/report-information.component.ts
FNF:0
FNH:0
DA:10,1
DA:11,3
DA:12,3
LF:3
LH:3
BRF:0
BRH:0
end_of_record
TN:
SF:src/app/pages/adverse-action/adverse-action.component.ts
FN:31,(anonymous_0)
FN:35,(anonymous_1)
FN:36,(anonymous_2)
FN:39,(anonymous_3)
FN:49,(anonymous_4)
FN:53,(anonymous_5)
FN:59,(anonymous_6)
FN:70,(anonymous_7)
FN:79,(anonymous_8)
FNF:9
FNH:3
FNDA:8,(anonymous_0)
FNDA:8,(anonymous_1)
FNDA:8,(anonymous_2)
FNDA:0,(anonymous_3)
FNDA:0,(anonymous_4)
FNDA:0,(anonymous_5)
FNDA:0,(anonymous_6)
FNDA:0,(anonymous_7)
FNDA:0,(anonymous_8)
DA:16,1
DA:19,8
DA:20,8
DA:21,8
DA:22,8
DA:23,8
DA:24,8
DA:25,8
DA:26,8
DA:27,8
DA:28,8
DA:29,8
DA:30,8
DA:31,8
DA:32,8
DA:36,8
DA:37,8
DA:38,8
DA:40,0
DA:43,8
DA:50,0
DA:54,0
DA:55,0
DA:56,0
DA:57,0
DA:58,0
DA:59,0
DA:60,0
DA:61,0
DA:66,0
DA:71,0
DA:79,0
LF:32
LH:19
BRDA:57,0,0,0
BRDA:57,0,1,0
BRDA:60,1,0,0
BRF:3
BRH:0
end_of_record
TN:
SF:src/app/pages/home/home.component.ts
FN:20,(anonymous_0)
FN:16,(anonymous_1)
FNF:2
FNH:2
FNDA:2,(anonymous_0)
FNDA:2,(anonymous_1)
DA:11,1
DA:12,2
DA:14,2
DA:16,2
DA:20,2
LF:5
LH:5
BRF:0
BRH:0
end_of_record
TN:
SF:src/app/pages/home/candidate-detail/candidate-detail.component.ts
FN:17,(anonymous_0)
FN:19,(anonymous_1)
FN:21,(anonymous_2)
FN:26,(anonymous_3)
FN:32,(anonymous_4)
FN:35,(anonymous_5)
FN:40,(anonymous_6)
FN:43,(anonymous_7)
FN:48,(anonymous_8)
FNF:9
FNH:3
FNDA:5,(anonymous_0)
FNDA:5,(anonymous_1)
FNDA:5,(anonymous_2)
FNDA:0,(anonymous_3)
FNDA:0,(anonymous_4)
FNDA:0,(anonymous_5)
FNDA:0,(anonymous_6)
FNDA:0,(anonymous_7)
FNDA:0,(anonymous_8)
DA:12,1
DA:15,5
DA:17,5
DA:21,5
DA:22,5
DA:23,5
DA:24,5
DA:25,5
DA:27,0
DA:28,0
DA:30,5
DA:33,0
DA:36,0
DA:37,0
DA:38,0
DA:39,0
DA:40,0
DA:41,0
DA:42,0
DA:44,0
DA:45,0
DA:49,0
LF:22
LH:9
BRF:0
BRH:0
end_of_record
TN:
SF:src/app/shared/constants/constant-data.ts
FNF:0
FNH:0
DA:1,1
DA:2,1
DA:3,1
DA:4,1
DA:5,1
DA:6,1
DA:7,1
DA:8,1
DA:9,1
DA:10,1
DA:11,1
DA:12,1
DA:13,1
DA:14,1
DA:15,1
DA:16,1
DA:17,1
DA:27,1
DA:28,1
DA:29,1
DA:31,1
DA:32,1
DA:33,1
DA:34,1
DA:35,1
LF:25
LH:25
BRF:0
BRH:0
end_of_record
TN:
SF:src/app/shared/loader/loader.component.ts
FNF:0
FNH:0
DA:8,1
LF:1
LH:1
BRF:0
BRH:0
end_of_record
TN:
SF:src/app/shared/service/candidate.service.ts
FN:11,(anonymous_0)
FN:18,(anonymous_1)
FN:19,(anonymous_2)
FN:25,(anonymous_3)
FN:30,(anonymous_4)
FNF:5
FNH:0
FNDA:0,(anonymous_0)
FNDA:0,(anonymous_1)
FNDA:0,(anonymous_2)
FNDA:0,(anonymous_3)
FNDA:0,(anonymous_4)
DA:9,1
DA:10,0
DA:11,0
DA:12,0
DA:19,0
DA:20,0
DA:21,0
DA:26,0
DA:27,0
DA:31,0
LF:10
LH:1
BRF:0
BRH:0
end_of_record
TN:
SF:src/environments/environment.ts
FNF:0
FNH:0
DA:5,1
LF:1
LH:1
BRF:0
BRH:0
end_of_record
